15:46:10 [main] INFO  tc.ShopTest - Entering emailId: Sam@gmail.com
15:46:10 [main] INFO  tc.ShopTest - Entering password: password
15:46:10 [main] INFO  tc.ShopTest - Gender: Male
15:46:11 [main] INFO  tc.ShopTest - Date of birth: 10/05/2022
15:46:11 [main] INFO  tc.ShopTest - Successfully data are entered
15:46:11 [main] INFO  tc.ShopTest - Clicking on shop key
15:46:12 [main] INFO  tc.ShopTest - Selecting mobile brand: Nokia Edge
15:46:12 [main] INFO  tc.ShopTest - verifying whether selected mobile is present in checkout page
15:46:12 [main] INFO  tc.ShopTest - verifying whether selected mobile's price is same in checkout page
15:46:12 [main] INFO  tc.ShopTest - Entering delivery location: Netherlands
15:46:18 [main] INFO  tc.ShopTest - verifying that order is placed successfully or not
15:46:18 [main] INFO  tc.ShopTest - Launching the browser
15:46:19 [main] INFO  tc.ShopTest - Landing on an angularPractice site
15:46:19 [main] INFO  tc.ShopTest - Entering username: Chopper
15:46:19 [main] INFO  tc.ShopTest - Entering emailId: Chopper@gmail.com
15:46:19 [main] INFO  tc.ShopTest - Entering password: qws#$56sc
15:46:19 [main] INFO  tc.ShopTest - Gender: Male
15:46:20 [main] INFO  tc.ShopTest - Date of birth: 12/08/1992
15:46:20 [main] INFO  tc.ShopTest - Successfully data are entered
15:46:20 [main] INFO  tc.ShopTest - Clicking on shop key
15:46:21 [main] INFO  tc.ShopTest - Selecting mobile brand: iphone X
15:46:21 [main] INFO  tc.ShopTest - verifying whether selected mobile is present in checkout page
15:46:21 [main] INFO  tc.ShopTest - verifying whether selected mobile's price is same in checkout page
15:46:21 [main] INFO  tc.ShopTest - Entering delivery location: United States of America
15:46:26 [main] INFO  tc.ShopTest - verifying that order is placed successfully or not
15:46:27 [main] INFO  tc.ShopTest - Launching the browser
15:46:27 [main] INFO  tc.ShopTest - Landing on an angularPractice site
15:46:28 [main] INFO  tc.ShopTest - Entering username: Ankitha
15:46:28 [main] INFO  tc.ShopTest - Entering emailId: Ankitha@gmail.com
15:46:28 [main] INFO  tc.ShopTest - Entering password: !@#$%^
15:46:28 [main] INFO  tc.ShopTest - Gender: Female
15:46:28 [main] INFO  tc.ShopTest - Date of birth: 16/04/1999
15:46:28 [main] INFO  tc.ShopTest - Successfully data are entered
15:46:28 [main] INFO  tc.ShopTest - Clicking on shop key
15:46:30 [main] INFO  tc.ShopTest - Selecting mobile brand: Blackberry
15:46:30 [main] INFO  tc.ShopTest - verifying whether selected mobile is present in checkout page
15:46:30 [main] INFO  tc.ShopTest - verifying whether selected mobile's price is same in checkout page
15:46:30 [main] INFO  tc.ShopTest - Entering delivery location: Switzerland
15:46:35 [main] INFO  tc.ShopTest - verifying that order is placed successfully or not
15:51:50 [main] INFO  tc.ShopTest - Launching the browser
15:51:52 [main] INFO  tc.ShopTest - Landing on an angularPractice site
15:51:53 [main] INFO  tc.ShopTest - Entering username: Sam
15:51:53 [main] INFO  tc.ShopTest - Entering emailId: Sam@gmail.com
15:51:53 [main] INFO  tc.ShopTest - Entering password: password
15:51:53 [main] INFO  tc.ShopTest - Gender: Male
15:51:53 [main] INFO  tc.ShopTest - Date of birth: 10/05/2022
15:51:53 [main] INFO  tc.ShopTest - Successfully data are entered
15:51:53 [main] INFO  tc.ShopTest - Clicking on shop key
15:51:54 [main] INFO  tc.ShopTest - Selecting mobile brand: Nokia Edge
15:51:55 [main] INFO  tc.ShopTest - verifying whether selected mobile is present in checkout page
15:51:55 [main] INFO  tc.ShopTest - verifying whether selected mobile's price is same in checkout page
15:51:55 [main] INFO  tc.ShopTest - Entering delivery location: Netherlands
15:52:00 [main] INFO  tc.ShopTest - verifying that order is placed successfully or not
15:52:00 [main] INFO  tc.ShopTest - Launching the browser
15:52:01 [main] INFO  tc.ShopTest - Landing on an angularPractice site
15:52:01 [main] INFO  tc.ShopTest - Entering username: Chopper
15:52:02 [main] INFO  tc.ShopTest - Entering emailId: Chopper@gmail.com
15:52:02 [main] INFO  tc.ShopTest - Entering password: qws#$56sc
15:52:02 [main] INFO  tc.ShopTest - Gender: Male
15:52:02 [main] INFO  tc.ShopTest - Date of birth: 12/08/1992
15:52:02 [main] INFO  tc.ShopTest - Successfully data are entered
15:52:02 [main] INFO  tc.ShopTest - Clicking on shop key
15:52:03 [main] INFO  tc.ShopTest - Selecting mobile brand: iphone X
15:52:03 [main] INFO  tc.ShopTest - verifying whether selected mobile is present in checkout page
15:52:03 [main] INFO  tc.ShopTest - verifying whether selected mobile's price is same in checkout page
15:52:04 [main] INFO  tc.ShopTest - Entering delivery location: United States of America
15:52:09 [main] INFO  tc.ShopTest - verifying that order is placed successfully or not
15:52:09 [main] INFO  tc.ShopTest - Launching the browser
15:52:10 [main] INFO  tc.ShopTest - Landing on an angularPractice site
15:52:10 [main] INFO  tc.ShopTest - Entering username: Ankitha
15:52:10 [main] INFO  tc.ShopTest - Entering emailId: Ankitha@gmail.com
15:52:10 [main] INFO  tc.ShopTest - Entering password: !@#$%^
15:52:11 [main] INFO  tc.ShopTest - Gender: Female
15:52:11 [main] INFO  tc.ShopTest - Date of birth: 16/04/1999
15:52:11 [main] INFO  tc.ShopTest - Successfully data are entered
15:52:11 [main] INFO  tc.ShopTest - Clicking on shop key
15:52:12 [main] INFO  tc.ShopTest - Selecting mobile brand: Blackberry
15:52:12 [main] INFO  tc.ShopTest - verifying whether selected mobile is present in checkout page
15:52:12 [main] INFO  tc.ShopTest - verifying whether selected mobile's price is same in checkout page
15:52:12 [main] INFO  tc.ShopTest - Entering delivery location: Switzerland
15:52:18 [main] INFO  tc.ShopTest - verifying that order is placed successfully or not
15:56:11 [main] INFO  tc.ShopTest - Launching the browser
15:56:12 [main] INFO  tc.ShopTest - Landing on an angularPractice site
15:56:13 [main] INFO  tc.ShopTest - Entering username: Sam
15:56:13 [main] INFO  tc.ShopTest - Entering emailId: Sam@gmail.com
15:56:13 [main] INFO  tc.ShopTest - Entering password: password
15:56:14 [main] INFO  tc.ShopTest - Gender: Male
15:56:14 [main] INFO  tc.ShopTest - Date of birth: 10/05/2022
15:56:14 [main] INFO  tc.ShopTest - Successfully data are entered
15:56:14 [main] INFO  tc.ShopTest - Clicking on shop key
15:56:15 [main] INFO  tc.ShopTest - Selecting mobile brand: Nokia Edge
15:56:15 [main] INFO  tc.ShopTest - verifying whether selected mobile is present in checkout page
15:56:15 [main] INFO  tc.ShopTest - verifying whether selected mobile's price is same in checkout page
15:56:15 [main] INFO  tc.ShopTest - Entering delivery location: Netherlands
15:56:21 [main] INFO  tc.ShopTest - verifying that order is placed successfully or not
15:56:21 [main] INFO  tc.ShopTest - Launching the browser
15:56:22 [main] INFO  tc.ShopTest - Landing on an angularPractice site
15:56:22 [main] INFO  tc.ShopTest - Entering username: Chopper
15:56:22 [main] INFO  tc.ShopTest - Entering emailId: Chopper@gmail.com
15:56:22 [main] INFO  tc.ShopTest - Entering password: qws#$56sc
15:56:23 [main] INFO  tc.ShopTest - Gender: Male
15:56:23 [main] INFO  tc.ShopTest - Date of birth: 12/08/1992
15:56:23 [main] INFO  tc.ShopTest - Successfully data are entered
15:56:23 [main] INFO  tc.ShopTest - Clicking on shop key
15:56:24 [main] INFO  tc.ShopTest - Selecting mobile brand: iphone X
15:56:24 [main] INFO  tc.ShopTest - verifying whether selected mobile is present in checkout page
15:56:24 [main] INFO  tc.ShopTest - verifying whether selected mobile's price is same in checkout page
15:56:24 [main] INFO  tc.ShopTest - Entering delivery location: United States of America
15:56:30 [main] INFO  tc.ShopTest - verifying that order is placed successfully or not
15:56:30 [main] INFO  tc.ShopTest - Launching the browser
15:56:31 [main] INFO  tc.ShopTest - Landing on an angularPractice site
15:56:31 [main] INFO  tc.ShopTest - Entering username: Ankitha
15:56:31 [main] INFO  tc.ShopTest - Entering emailId: Ankitha@gmail.com
15:56:31 [main] INFO  tc.ShopTest - Entering password: !@#$%^
15:56:31 [main] INFO  tc.ShopTest - Gender: Female
15:56:31 [main] INFO  tc.ShopTest - Date of birth: 16/04/1999
15:56:32 [main] INFO  tc.ShopTest - Successfully data are entered
15:56:32 [main] INFO  tc.ShopTest - Clicking on shop key
15:56:33 [main] INFO  tc.ShopTest - Selecting mobile brand: Blackberry
15:56:33 [main] INFO  tc.ShopTest - verifying whether selected mobile is present in checkout page
15:56:33 [main] INFO  tc.ShopTest - verifying whether selected mobile's price is same in checkout page
15:56:33 [main] INFO  tc.ShopTest - Entering delivery location: Switzerland
15:56:38 [main] INFO  tc.ShopTest - verifying that order is placed successfully or not
15:56:40 [main] INFO  tc.ShopTest - Selecting mobile model
15:56:40 [main] INFO  tc.ShopTest - Add to cart
15:56:40 [main] INFO  tc.ShopTest - verifying the selected mobile name
15:56:40 [main] INFO  tc.ShopTest - verifying the selected mobile price
15:56:40 [main] INFO  tc.ShopTest - Delivering location
15:56:40 [main] INFO  tc.PageTest - Entering username: Sam
15:56:40 [main] INFO  tc.PageTest - Entering EmailId: password
15:56:40 [main] INFO  tc.PageTest - Password is : Sam@gmail.com
15:56:41 [main] INFO  tc.PageTest - Gender: Male
15:56:41 [main] INFO  tc.PageTest - Date of birth: 10/05/2022
15:56:41 [main] INFO  tc.PageTest - Successfully datas are entered
15:56:41 [main] INFO  tc.PageTest - Entering username: Chopper
15:56:41 [main] INFO  tc.PageTest - Entering EmailId: qws#$56sc
15:56:41 [main] INFO  tc.PageTest - Password is : Chopper@gmail.com
15:56:41 [main] INFO  tc.PageTest - Gender: Male
15:56:41 [main] INFO  tc.PageTest - Date of birth: 31/12/2000
15:56:41 [main] INFO  tc.PageTest - Successfully datas are entered
15:56:41 [main] INFO  tc.PageTest - Entering username: Ankitha
15:56:41 [main] INFO  tc.PageTest - Entering EmailId: !@#$%^
15:56:42 [main] INFO  tc.PageTest - Password is : Ankitha@gmail.com
